# JRE version: Java(TM) SE Runtime Environment (17.0.6+9) (build 17.0.6+9-LTS-190)
# Java VM: Java HotSpot(TM) 64-Bit Server VM (17.0.6+9-LTS-190, mixed mode, emulated-client, sharing, tiered, compressed oops, compressed class ptrs, g1 gc, windows-amd64)
GC Precious Log:
 CPUs: 4 total, 4 available
 Memory: 16031M
 Large Page Support: Disabled
 NUMA Support: Disabled
 Compressed Oops: Enabled (Zero based)
 Heap Region Size: 2M
 Heap Min Capacity: 8M
 Heap Initial Capacity: 252M
 Heap Max Capacity: 4008M
 Pre-touch: Disabled
 Parallel Workers: 4
 Concurrent Workers: 1
 Concurrent Refinement Workers: 4
 Periodic GC: Disabled
Heap:
 garbage-first heap   total 90112K, used 27339K [0x0000000705800000, 0x0000000800000000)
  region size 2048K, 4 young (8192K), 3 survivors (6144K)
 Metaspace       used 55156K, committed 55808K, reserved 1097728K
  class space    used 7675K, committed 8000K, reserved 1048576K
GC Heap History (20 events):
Event: 1.671 GC heap before
{Heap before GC invocations=2 (full 0):
 garbage-first heap   total 258048K, used 25483K [0x0000000705800000, 0x0000000800000000)
  region size 2048K, 11 young (22528K), 1 survivors (2048K)
 Metaspace       used 10810K, committed 11136K, reserved 1064960K
  class space    used 1472K, committed 1600K, reserved 1048576K
}
Event: 1.677 GC heap after
{Heap after GC invocations=3 (full 0):
 garbage-first heap   total 258048K, used 8650K [0x0000000705800000, 0x0000000800000000)
  region size 2048K, 2 young (4096K), 2 survivors (4096K)
 Metaspace       used 10810K, committed 11136K, reserved 1064960K
  class space    used 1472K, committed 1600K, reserved 1048576K
}
Event: 2.783 GC heap before
{Heap before GC invocations=3 (full 0):
 garbage-first heap   total 258048K, used 86474K [0x0000000705800000, 0x0000000800000000)
  region size 2048K, 41 young (83968K), 2 survivors (4096K)
 Metaspace       used 21138K, committed 21504K, reserved 1073152K
  class space    used 2906K, committed 3072K, reserved 1048576K
}
Event: 2.793 GC heap after
{Heap after GC invocations=4 (full 0):
 garbage-first heap   total 258048K, used 14081K [0x0000000705800000, 0x0000000800000000)
  region size 2048K, 4 young (8192K), 4 survivors (8192K)
 Metaspace       used 21138K, committed 21504K, reserved 1073152K
  class space    used 2906K, committed 3072K, reserved 1048576K
}
Event: 3.252 GC heap before
{Heap before GC invocations=5 (full 0):
 garbage-first heap   total 61440K, used 46849K [0x0000000705800000, 0x0000000800000000)
  region size 2048K, 21 young (43008K), 4 survivors (8192K)
 Metaspace       used 25497K, committed 25984K, reserved 1073152K
  class space    used 3537K, committed 3776K, reserved 1048576K
}
Event: 3.264 GC heap after
{Heap after GC invocations=6 (full 0):
 garbage-first heap   total 61440K, used 17410K [0x0000000705800000, 0x0000000800000000)
  region size 2048K, 6 young (12288K), 6 survivors (12288K)
 Metaspace       used 25497K, committed 25984K, reserved 1073152K
  class space    used 3537K, committed 3776K, reserved 1048576K
}
Event: 3.286 GC heap before
{Heap before GC invocations=6 (full 0):
 garbage-first heap   total 61440K, used 19458K [0x0000000705800000, 0x0000000800000000)
  region size 2048K, 7 young (14336K), 6 survivors (12288K)
 Metaspace       used 25678K, committed 26176K, reserved 1073152K
  class space    used 3562K, committed 3776K, reserved 1048576K
}
Event: 3.297 GC heap after
{Heap after GC invocations=7 (full 0):
 garbage-first heap   total 61440K, used 18390K [0x0000000705800000, 0x0000000800000000)
  region size 2048K, 1 young (2048K), 1 survivors (2048K)
 Metaspace       used 25678K, committed 26176K, reserved 1073152K
  class space    used 3562K, committed 3776K, reserved 1048576K
}
Event: 3.619 GC heap before
{Heap before GC invocations=7 (full 0):
 garbage-first heap   total 61440K, used 38870K [0x0000000705800000, 0x0000000800000000)
  region size 2048K, 12 young (24576K), 1 survivors (2048K)
 Metaspace       used 30574K, committed 31040K, reserved 1081344K
  class space    used 4271K, committed 4480K, reserved 1048576K
}
Event: 3.622 GC heap after
{Heap after GC invocations=8 (full 0):
 garbage-first heap   total 159744K, used 17989K [0x0000000705800000, 0x0000000800000000)
  region size 2048K, 1 young (2048K), 1 survivors (2048K)
 Metaspace       used 30574K, committed 31040K, reserved 1081344K
  class space    used 4271K, committed 4480K, reserved 1048576K
}
Event: 3.886 GC heap before
{Heap before GC invocations=8 (full 0):
 garbage-first heap   total 159744K, used 38469K [0x0000000705800000, 0x0000000800000000)
  region size 2048K, 12 young (24576K), 1 survivors (2048K)
 Metaspace       used 35487K, committed 35968K, reserved 1081344K
  class space    used 4881K, committed 5120K, reserved 1048576K
}
Event: 3.890 GC heap after
{Heap after GC invocations=9 (full 0):
 garbage-first heap   total 159744K, used 19325K [0x0000000705800000, 0x0000000800000000)
  region size 2048K, 2 young (4096K), 2 survivors (4096K)
 Metaspace       used 35487K, committed 35968K, reserved 1081344K
  class space    used 4881K, committed 5120K, reserved 1048576K
}
Event: 4.623 GC heap before
{Heap before GC invocations=10 (full 0):
 garbage-first heap   total 90112K, used 68477K [0x0000000705800000, 0x0000000800000000)
  region size 2048K, 26 young (53248K), 2 survivors (4096K)
 Metaspace       used 46222K, committed 46720K, reserved 1089536K
  class space    used 6458K, committed 6656K, reserved 1048576K
}
Event: 4.629 GC heap after
{Heap after GC invocations=11 (full 0):
 garbage-first heap   total 90112K, used 21991K [0x0000000705800000, 0x0000000800000000)
  region size 2048K, 3 young (6144K), 3 survivors (6144K)
 Metaspace       used 46222K, committed 46720K, reserved 1089536K
  class space    used 6458K, committed 6656K, reserved 1048576K
}
Event: 4.755 GC heap before
{Heap before GC invocations=11 (full 0):
 garbage-first heap   total 90112K, used 21991K [0x0000000705800000, 0x0000000800000000)
  region size 2048K, 4 young (8192K), 3 survivors (6144K)
 Metaspace       used 46578K, committed 47168K, reserved 1089536K
  class space    used 6517K, committed 6784K, reserved 1048576K
}
Event: 4.761 GC heap after
{Heap after GC invocations=12 (full 0):
 garbage-first heap   total 90112K, used 22673K [0x0000000705800000, 0x0000000800000000)
  region size 2048K, 1 young (2048K), 1 survivors (2048K)
 Metaspace       used 46578K, committed 47168K, reserved 1089536K
  class space    used 6517K, committed 6784K, reserved 1048576K
}
Event: 5.103 GC heap before
{Heap before GC invocations=12 (full 0):
 garbage-first heap   total 90112K, used 67729K [0x0000000705800000, 0x0000000800000000)
  region size 2048K, 23 young (47104K), 1 survivors (2048K)
 Metaspace       used 49742K, committed 50368K, reserved 1097728K
  class space    used 6919K, committed 7232K, reserved 1048576K
}
Event: 5.107 GC heap after
{Heap after GC invocations=13 (full 0):
 garbage-first heap   total 90112K, used 24310K [0x0000000705800000, 0x0000000800000000)
  region size 2048K, 2 young (4096K), 2 survivors (4096K)
 Metaspace       used 49742K, committed 50368K, reserved 1097728K
  class space    used 6919K, committed 7232K, reserved 1048576K
}
Event: 32.429 GC heap before
{Heap before GC invocations=13 (full 0):
 garbage-first heap   total 90112K, used 67318K [0x0000000705800000, 0x0000000800000000)
  region size 2048K, 23 young (47104K), 2 survivors (4096K)
 Metaspace       used 55069K, committed 55680K, reserved 1097728K
  class space    used 7663K, committed 7936K, reserved 1048576K
}
Event: 32.437 GC heap after
{Heap after GC invocations=14 (full 0):
 garbage-first heap   total 90112K, used 27339K [0x0000000705800000, 0x0000000800000000)
  region size 2048K, 3 young (6144K), 3 survivors (6144K)
 Metaspace       used 55069K, committed 55680K, reserved 1097728K
  class space    used 7663K, committed 7936K, reserved 1048576K
}

